[debug] [2024-10-25T10:31:28.163Z] ----------------------------------------------------------------------
[debug] [2024-10-25T10:31:28.165Z] Command:       /usr/bin/node /usr/bin/firebase deploy
[debug] [2024-10-25T10:31:28.165Z] CLI Version:   13.22.1
[debug] [2024-10-25T10:31:28.165Z] Platform:      linux
[debug] [2024-10-25T10:31:28.165Z] Node Version:  v20.18.0
[debug] [2024-10-25T10:31:28.166Z] Time:          Fri Oct 25 2024 16:31:28 GMT+0600 (Bangladesh Standard Time)
[debug] [2024-10-25T10:31:28.166Z] ----------------------------------------------------------------------
[debug] 
[debug] [2024-10-25T10:31:28.231Z] > command requires scopes: ["email","openid","https://www.googleapis.com/auth/cloudplatformprojects.readonly","https://www.googleapis.com/auth/firebase","https://www.googleapis.com/auth/cloud-platform"]
[debug] [2024-10-25T10:31:28.232Z] > authorizing via signed-in user (programmerrabbani@gmail.com)
[debug] [2024-10-25T10:31:28.232Z] [iam] checking project facebook-timeline-f23b8 for permissions ["firebase.projects.get","firebasehosting.sites.update"]
[debug] [2024-10-25T10:31:28.233Z] Checked if tokens are valid: true, expires at: 1729853804022
[debug] [2024-10-25T10:31:28.233Z] Checked if tokens are valid: true, expires at: 1729853804022
[debug] [2024-10-25T10:31:28.234Z] >>> [apiv2][query] POST https://cloudresourcemanager.googleapis.com/v1/projects/facebook-timeline-f23b8:testIamPermissions [none]
[debug] [2024-10-25T10:31:28.234Z] >>> [apiv2][(partial)header] POST https://cloudresourcemanager.googleapis.com/v1/projects/facebook-timeline-f23b8:testIamPermissions x-goog-quota-user=projects/facebook-timeline-f23b8
[debug] [2024-10-25T10:31:28.235Z] >>> [apiv2][body] POST https://cloudresourcemanager.googleapis.com/v1/projects/facebook-timeline-f23b8:testIamPermissions {"permissions":["firebase.projects.get","firebasehosting.sites.update"]}
[debug] [2024-10-25T10:31:29.688Z] <<< [apiv2][status] POST https://cloudresourcemanager.googleapis.com/v1/projects/facebook-timeline-f23b8:testIamPermissions 200
[debug] [2024-10-25T10:31:29.688Z] <<< [apiv2][body] POST https://cloudresourcemanager.googleapis.com/v1/projects/facebook-timeline-f23b8:testIamPermissions {"permissions":["firebase.projects.get","firebasehosting.sites.update"]}
[debug] [2024-10-25T10:31:29.691Z] Checked if tokens are valid: true, expires at: 1729853804022
[debug] [2024-10-25T10:31:29.692Z] Checked if tokens are valid: true, expires at: 1729853804022
[debug] [2024-10-25T10:31:29.692Z] >>> [apiv2][query] GET https://firebase.googleapis.com/v1beta1/projects/facebook-timeline-f23b8 [none]
[debug] [2024-10-25T10:31:30.136Z] <<< [apiv2][status] GET https://firebase.googleapis.com/v1beta1/projects/facebook-timeline-f23b8 200
[debug] [2024-10-25T10:31:30.137Z] <<< [apiv2][body] GET https://firebase.googleapis.com/v1beta1/projects/facebook-timeline-f23b8 {"projectId":"facebook-timeline-f23b8","projectNumber":"1029709346056","displayName":"FACEBOOK TIMELINE","name":"projects/facebook-timeline-f23b8","resources":{"hostingSite":"facebook-timeline-f23b8","storageBucket":"facebook-timeline-f23b8.appspot.com","locationId":"asia-south1"},"state":"ACTIVE","etag":"1_272ed984-d3f2-4a71-b257-98b934ca1b20"}
[debug] [2024-10-25T10:31:31.242Z] Checked if tokens are valid: true, expires at: 1729853804022
[debug] [2024-10-25T10:31:31.242Z] Checked if tokens are valid: true, expires at: 1729853804022
[debug] [2024-10-25T10:31:31.242Z] >>> [apiv2][query] GET https://firebasehosting.googleapis.com/v1beta1/projects/facebook-timeline-f23b8/sites pageToken=&pageSize=10
[debug] [2024-10-25T10:31:32.380Z] <<< [apiv2][status] GET https://firebasehosting.googleapis.com/v1beta1/projects/facebook-timeline-f23b8/sites 200
[debug] [2024-10-25T10:31:32.381Z] <<< [apiv2][body] GET https://firebasehosting.googleapis.com/v1beta1/projects/facebook-timeline-f23b8/sites {"sites":[{"name":"projects/facebook-timeline-f23b8/sites/facebook-timeline-f23b8","defaultUrl":"https://facebook-timeline-f23b8.web.app","type":"DEFAULT_SITE"}]}
[debug] [2024-10-25T10:31:32.383Z] Checked if tokens are valid: true, expires at: 1729853804022
[debug] [2024-10-25T10:31:32.384Z] Checked if tokens are valid: true, expires at: 1729853804022
[debug] [2024-10-25T10:31:32.384Z] >>> [apiv2][query] GET https://firebasehosting.googleapis.com/v1beta1/projects/facebook-timeline-f23b8/sites 
[debug] [2024-10-25T10:31:32.861Z] <<< [apiv2][status] GET https://firebasehosting.googleapis.com/v1beta1/projects/facebook-timeline-f23b8/sites 200
[debug] [2024-10-25T10:31:32.862Z] <<< [apiv2][body] GET https://firebasehosting.googleapis.com/v1beta1/projects/facebook-timeline-f23b8/sites {"sites":[{"name":"projects/facebook-timeline-f23b8/sites/facebook-timeline-f23b8","defaultUrl":"https://facebook-timeline-f23b8.web.app","type":"DEFAULT_SITE"}]}
[debug] [2024-10-25T10:31:32.862Z] Checked if tokens are valid: true, expires at: 1729853804022
[debug] [2024-10-25T10:31:32.862Z] Checked if tokens are valid: true, expires at: 1729853804022
[debug] [2024-10-25T10:31:32.863Z] >>> [apiv2][query] GET https://firebase.googleapis.com/v1beta1/projects/facebook-timeline-f23b8/webApps/-/config [none]
[debug] [2024-10-25T10:31:34.034Z] <<< [apiv2][status] GET https://firebase.googleapis.com/v1beta1/projects/facebook-timeline-f23b8/webApps/-/config 200
[debug] [2024-10-25T10:31:34.034Z] <<< [apiv2][body] GET https://firebase.googleapis.com/v1beta1/projects/facebook-timeline-f23b8/webApps/-/config {"projectId":"facebook-timeline-f23b8","appId":"1:1029709346056:web:5aefbb7b1da61b9a05a8bd","storageBucket":"facebook-timeline-f23b8.appspot.com","locationId":"asia-south1","apiKey":"AIzaSyA7Xe8UeD-xfPdRolthdDoYBRkpA2udrdo","authDomain":"facebook-timeline-f23b8.firebaseapp.com","messagingSenderId":"1029709346056"}
[info] 
   Thank you for trying our early preview of Next.js support on Firebase Hosting.
   During the preview, support is best-effort and breaking changes can be expected. Proceed with caution.
   The integration is known to work with Next.js version 12 - 14.0. You may encounter errors.

   Documentation: https://firebase.google.com/docs/hosting/frameworks/nextjs
   File a bug: https://github.com/firebase/firebase-tools/issues/new?template=bug_report.md
   Submit a feature request: https://github.com/firebase/firebase-tools/issues/new?template=feature_request.md

   We'd love to learn from you. Express your interest in helping us shape the future of Firebase Hosting: https://goo.gle/41enW5X

[debug] [2024-10-25T10:31:37.692Z] Checked if tokens are valid: true, expires at: 1729853804022
[debug] [2024-10-25T10:31:37.692Z] Checked if tokens are valid: true, expires at: 1729853804022
[debug] [2024-10-25T10:31:37.692Z] >>> [apiv2][query] GET https://firebasehosting.googleapis.com/v1beta1/projects/facebook-timeline-f23b8/sites/facebook-timeline-f23b8 [none]
[debug] [2024-10-25T10:31:38.073Z] <<< [apiv2][status] GET https://firebasehosting.googleapis.com/v1beta1/projects/facebook-timeline-f23b8/sites/facebook-timeline-f23b8 200
[debug] [2024-10-25T10:31:38.073Z] <<< [apiv2][body] GET https://firebasehosting.googleapis.com/v1beta1/projects/facebook-timeline-f23b8/sites/facebook-timeline-f23b8 {"name":"projects/facebook-timeline-f23b8/sites/facebook-timeline-f23b8","defaultUrl":"https://facebook-timeline-f23b8.web.app","type":"DEFAULT_SITE"}
[info]   ▲ Next.js 14.2.16

[info] 

[info]    Creating an optimized production build ...

[info]  ✓ Compiled successfully

[info]    Linting and checking validity of types ...

[info]  ⨯ ESLint: ESLint configuration in .eslintrc.json is invalid: 	- Unexpected top-level property "eslint-disable-next-line react/prop-types". 

[info] Failed to compile.


[info] ./components/FbPost/PostContent.tsx:63:40
Type error: Argument of type 'Dispatch<SetStateAction<Post[]>>' is not assignable to parameter of type '(posts: Post[]) => void'.
  Types of parameters 'value' and 'posts' are incompatible.
    Type 'Post[]' is not assignable to type 'SetStateAction<Post[]>'.
      Type 'import("/home/pr/Desktop/facebook-timeline/firebase/models").Post[]' is not assignable to type 'Post[]'.
        Type 'import("/home/pr/Desktop/facebook-timeline/firebase/models").Post' is not assignable to type 'Post'.
          Types of property 'createdAt' are incompatible.
            Type 'FieldValue | Timestamp | null | undefined' is not assignable to type 'Timestamp | undefined'.
              Type 'null' is not assignable to type 'Timestamp | undefined'.

  61 |
  62 |   const getAllPostsData = async () => {
> 63 |     await getAllPostsRealTime("posts", setPosts);
     |                                        ^
  64 |   };
  65 |
  66 |   useEffect(() => {

[debug] [2024-10-25T10:32:00.979Z] Error: ENOENT: no such file or directory, open '/home/pr/Desktop/facebook-timeline/.next/export-marker.json'
[error] 
[error] Error: An unexpected error has occurred.
